5213322082281:ENCOLADO ans_2bd95942-3d42-4228-9f97-b941020cfbc0
EJECUTANDO:ans_2bd95942-3d42-4228-9f97-b941020cfbc0
5213322082281:SUCCESS
5213322082281:ENCOLADO ans_2da9a3aa-6b13-4b21-8c76-1e56e0c2e791
EJECUTANDO:ans_2da9a3aa-6b13-4b21-8c76-1e56e0c2e791
5213322082281:SUCCESS
5213322082281:ENCOLADO ans_10aa7f93-b1d2-4625-b0ee-39a91c563bbb
EJECUTANDO:ans_10aa7f93-b1d2-4625-b0ee-39a91c563bbb
5213322082281:SUCCESS
5213322082281:ENCOLADO ans_63599d3b-f068-4af4-8a3a-a3c1bac824c0
EJECUTANDO:ans_63599d3b-f068-4af4-8a3a-a3c1bac824c0
5213322082281:SUCCESS
5213322082281:ENCOLADO ans_cc55c191-cca0-4382-bbe7-e70a3a8ee310
EJECUTANDO:ans_cc55c191-cca0-4382-bbe7-e70a3a8ee310
5213322082281:SUCCESS
5213322082281:ENCOLADO ans_2bd95942-3d42-4228-9f97-b941020cfbc0
EJECUTANDO:ans_2bd95942-3d42-4228-9f97-b941020cfbc0
5213322082281:SUCCESS
5213322082281:ENCOLADO ans_2da9a3aa-6b13-4b21-8c76-1e56e0c2e791
EJECUTANDO:ans_2da9a3aa-6b13-4b21-8c76-1e56e0c2e791
5213322082281:SUCCESS
5213322082281:ENCOLADO ans_10aa7f93-b1d2-4625-b0ee-39a91c563bbb
EJECUTANDO:ans_10aa7f93-b1d2-4625-b0ee-39a91c563bbb
5213322082281:SUCCESS
5213322082281:ENCOLADO ans_63599d3b-f068-4af4-8a3a-a3c1bac824c0
EJECUTANDO:ans_63599d3b-f068-4af4-8a3a-a3c1bac824c0
5213322082281:SUCCESS
5213322082281:ENCOLADO ans_cc55c191-cca0-4382-bbe7-e70a3a8ee310
EJECUTANDO:ans_cc55c191-cca0-4382-bbe7-e70a3a8ee310
5213322082281:SUCCESS
5213481073192:ENCOLADO ans_2bd95942-3d42-4228-9f97-b941020cfbc0
EJECUTANDO:ans_2bd95942-3d42-4228-9f97-b941020cfbc0
5213481073192:SUCCESS
5213481073192:ENCOLADO ans_2da9a3aa-6b13-4b21-8c76-1e56e0c2e791
EJECUTANDO:ans_2da9a3aa-6b13-4b21-8c76-1e56e0c2e791
5213481073192:SUCCESS
5213481073192:ENCOLADO ans_ffdadd8f-d8c6-41cf-9614-6019529532cd
EJECUTANDO:ans_ffdadd8f-d8c6-41cf-9614-6019529532cd
5213481073192:SUCCESS
5213481073192:ENCOLADO ans_03d7d777-b5c4-48b8-b2e1-00c2167cd3cd
EJECUTANDO:ans_03d7d777-b5c4-48b8-b2e1-00c2167cd3cd
5213481073192:SUCCESS
5213481073192:ENCOLADO ans_08f4fe27-22ac-45dc-92fd-3f48f1860504
EJECUTANDO:ans_08f4fe27-22ac-45dc-92fd-3f48f1860504
5213481073192:SUCCESS
5213481073192:ENCOLADO ans_63599d3b-f068-4af4-8a3a-a3c1bac824c0
EJECUTANDO:ans_63599d3b-f068-4af4-8a3a-a3c1bac824c0
5213481073192:SUCCESS
5213481073192:ENCOLADO ans_cc55c191-cca0-4382-bbe7-e70a3a8ee310
EJECUTANDO:ans_cc55c191-cca0-4382-bbe7-e70a3a8ee310
5213481073192:SUCCESS
5213322082281:ENCOLADO ans_2bd95942-3d42-4228-9f97-b941020cfbc0
EJECUTANDO:ans_2bd95942-3d42-4228-9f97-b941020cfbc0
5213322082281:SUCCESS
5213322082281:ENCOLADO ans_2da9a3aa-6b13-4b21-8c76-1e56e0c2e791
EJECUTANDO:ans_2da9a3aa-6b13-4b21-8c76-1e56e0c2e791
5213322082281:SUCCESS
5213322082281:ENCOLADO ans_ffdadd8f-d8c6-41cf-9614-6019529532cd
EJECUTANDO:ans_ffdadd8f-d8c6-41cf-9614-6019529532cd
5213322082281:SUCCESS
5213322082281:ENCOLADO ans_03d7d777-b5c4-48b8-b2e1-00c2167cd3cd
EJECUTANDO:ans_03d7d777-b5c4-48b8-b2e1-00c2167cd3cd
5213322082281:SUCCESS
5213322082281:ENCOLADO ans_08f4fe27-22ac-45dc-92fd-3f48f1860504
EJECUTANDO:ans_08f4fe27-22ac-45dc-92fd-3f48f1860504
5213322082281:SUCCESS
5213322082281:ENCOLADO ans_63599d3b-f068-4af4-8a3a-a3c1bac824c0
EJECUTANDO:ans_63599d3b-f068-4af4-8a3a-a3c1bac824c0
5213322082281:SUCCESS
5213322082281:ENCOLADO ans_cc55c191-cca0-4382-bbe7-e70a3a8ee310
EJECUTANDO:ans_cc55c191-cca0-4382-bbe7-e70a3a8ee310
5213322082281:SUCCESS
5213322082281:ENCOLADO ans_2bd95942-3d42-4228-9f97-b941020cfbc0
EJECUTANDO:ans_2bd95942-3d42-4228-9f97-b941020cfbc0
5213322082281:SUCCESS
5213322082281:ENCOLADO ans_2da9a3aa-6b13-4b21-8c76-1e56e0c2e791
EJECUTANDO:ans_2da9a3aa-6b13-4b21-8c76-1e56e0c2e791
5213322082281:SUCCESS
5213322082281:ENCOLADO ans_ffdadd8f-d8c6-41cf-9614-6019529532cd
EJECUTANDO:ans_ffdadd8f-d8c6-41cf-9614-6019529532cd
5213322082281:SUCCESS
5213322082281:ENCOLADO ans_03d7d777-b5c4-48b8-b2e1-00c2167cd3cd
EJECUTANDO:ans_03d7d777-b5c4-48b8-b2e1-00c2167cd3cd
5213322082281:SUCCESS
5213322082281:ENCOLADO ans_08f4fe27-22ac-45dc-92fd-3f48f1860504
EJECUTANDO:ans_08f4fe27-22ac-45dc-92fd-3f48f1860504
5213322082281:SUCCESS
5213322082281:ENCOLADO ans_63599d3b-f068-4af4-8a3a-a3c1bac824c0
EJECUTANDO:ans_63599d3b-f068-4af4-8a3a-a3c1bac824c0
5213322082281:SUCCESS
5213322082281:ENCOLADO ans_cc55c191-cca0-4382-bbe7-e70a3a8ee310
EJECUTANDO:ans_cc55c191-cca0-4382-bbe7-e70a3a8ee310
5213322082281:SUCCESS
5213322082281:ENCOLADO ans_2bd95942-3d42-4228-9f97-b941020cfbc0
EJECUTANDO:ans_2bd95942-3d42-4228-9f97-b941020cfbc0
5213322082281:SUCCESS
5213322082281:ENCOLADO ans_2da9a3aa-6b13-4b21-8c76-1e56e0c2e791
EJECUTANDO:ans_2da9a3aa-6b13-4b21-8c76-1e56e0c2e791
5213322082281:SUCCESS
5213322082281:ENCOLADO ans_ffdadd8f-d8c6-41cf-9614-6019529532cd
EJECUTANDO:ans_ffdadd8f-d8c6-41cf-9614-6019529532cd
5213322082281:SUCCESS
5213322082281:ENCOLADO ans_7bf8fa9b-0ba4-4004-bbe3-6b1a9b1e0e9a
EJECUTANDO:ans_7bf8fa9b-0ba4-4004-bbe3-6b1a9b1e0e9a
5213322082281:SUCCESS
5213322082281:ENCOLADO ans_2bd95942-3d42-4228-9f97-b941020cfbc0
EJECUTANDO:ans_2bd95942-3d42-4228-9f97-b941020cfbc0
5213322082281:SUCCESS
5213322082281:ENCOLADO ans_2da9a3aa-6b13-4b21-8c76-1e56e0c2e791
EJECUTANDO:ans_2da9a3aa-6b13-4b21-8c76-1e56e0c2e791
5213322082281:SUCCESS
5213322082281:ENCOLADO ans_10aa7f93-b1d2-4625-b0ee-39a91c563bbb
EJECUTANDO:ans_10aa7f93-b1d2-4625-b0ee-39a91c563bbb
5213322082281:SUCCESS
5213322082281:ENCOLADO ans_63599d3b-f068-4af4-8a3a-a3c1bac824c0
EJECUTANDO:ans_63599d3b-f068-4af4-8a3a-a3c1bac824c0
5213322082281:SUCCESS
5213322082281:ENCOLADO ans_cc55c191-cca0-4382-bbe7-e70a3a8ee310
EJECUTANDO:ans_cc55c191-cca0-4382-bbe7-e70a3a8ee310
5213322082281:SUCCESS
5213322082281:ENCOLADO ans_2bd95942-3d42-4228-9f97-b941020cfbc0
EJECUTANDO:ans_2bd95942-3d42-4228-9f97-b941020cfbc0
5213322082281:SUCCESS
5213322082281:ENCOLADO ans_2da9a3aa-6b13-4b21-8c76-1e56e0c2e791
EJECUTANDO:ans_2da9a3aa-6b13-4b21-8c76-1e56e0c2e791
5213322082281:SUCCESS
5213322082281:ENCOLADO ans_10aa7f93-b1d2-4625-b0ee-39a91c563bbb
EJECUTANDO:ans_10aa7f93-b1d2-4625-b0ee-39a91c563bbb
5213322082281:SUCCESS
5213322082281:ENCOLADO ans_63599d3b-f068-4af4-8a3a-a3c1bac824c0
EJECUTANDO:ans_63599d3b-f068-4af4-8a3a-a3c1bac824c0
5213322082281:SUCCESS
5213322082281:ENCOLADO ans_cc55c191-cca0-4382-bbe7-e70a3a8ee310
EJECUTANDO:ans_cc55c191-cca0-4382-bbe7-e70a3a8ee310
5213322082281:SUCCESS
5213322082281:ENCOLADO ans_2bd95942-3d42-4228-9f97-b941020cfbc0
EJECUTANDO:ans_2bd95942-3d42-4228-9f97-b941020cfbc0
5213322082281:ENCOLADO ans_2bd95942-3d42-4228-9f97-b941020cfbc0
5213322082281:ENCOLADO ans_2bd95942-3d42-4228-9f97-b941020cfbc0
5213322082281:ENCOLADO ans_2da9a3aa-6b13-4b21-8c76-1e56e0c2e791
EJECUTANDO:ans_2da9a3aa-6b13-4b21-8c76-1e56e0c2e791
5213322082281:SUCCESS
5213322082281:SUCCESS
5213322082281:ERROR: "cancelled"
5213322082281:ENCOLADO ans_2da9a3aa-6b13-4b21-8c76-1e56e0c2e791
EJECUTANDO:ans_2da9a3aa-6b13-4b21-8c76-1e56e0c2e791
5213322082281:SUCCESS
5213322082281:ERROR: undefined
5213322082281:ENCOLADO ans_ffdadd8f-d8c6-41cf-9614-6019529532cd
EJECUTANDO:ans_ffdadd8f-d8c6-41cf-9614-6019529532cd
5213322082281:SUCCESS
5213322082281:ENCOLADO ans_03d7d777-b5c4-48b8-b2e1-00c2167cd3cd
EJECUTANDO:ans_03d7d777-b5c4-48b8-b2e1-00c2167cd3cd
5213322082281:SUCCESS
5213322082281:ENCOLADO ans_08f4fe27-22ac-45dc-92fd-3f48f1860504
EJECUTANDO:ans_08f4fe27-22ac-45dc-92fd-3f48f1860504
5213322082281:SUCCESS
5213322082281:ENCOLADO ans_63599d3b-f068-4af4-8a3a-a3c1bac824c0
EJECUTANDO:ans_63599d3b-f068-4af4-8a3a-a3c1bac824c0
5213322082281:SUCCESS
5213322082281:ENCOLADO ans_cc55c191-cca0-4382-bbe7-e70a3a8ee310
EJECUTANDO:ans_cc55c191-cca0-4382-bbe7-e70a3a8ee310
5213322082281:SUCCESS
